2023-04-17 16:54:19,444:WARNING:
'cuml' is a soft dependency and not included in the pycaret installation. Please run: `pip install cuml` to install.
2023-04-17 16:54:19,444:WARNING:
'cuml' is a soft dependency and not included in the pycaret installation. Please run: `pip install cuml` to install.
2023-04-17 16:54:19,444:WARNING:
'cuml' is a soft dependency and not included in the pycaret installation. Please run: `pip install cuml` to install.
2023-04-17 16:54:19,444:WARNING:
'cuml' is a soft dependency and not included in the pycaret installation. Please run: `pip install cuml` to install.
2023-04-17 16:54:20,263:WARNING:
'prophet' is a soft dependency and not included in the pycaret installation. Please run: `pip install prophet` to install.
2023-04-17 16:54:20,624:WARNING:/Users/oscargil/miniconda3/envs/ADS500B/lib/python3.9/site-packages/google/colab/data_table.py:30: UserWarning: IPython.utils.traitlets has moved to a top-level traitlets package.
  from IPython.utils import traitlets as _traitlets

2023-04-17 16:55:33,771:WARNING:
'cuml' is a soft dependency and not included in the pycaret installation. Please run: `pip install cuml` to install.
2023-04-17 16:55:33,771:WARNING:
'cuml' is a soft dependency and not included in the pycaret installation. Please run: `pip install cuml` to install.
2023-04-17 16:55:33,771:WARNING:
'cuml' is a soft dependency and not included in the pycaret installation. Please run: `pip install cuml` to install.
2023-04-17 16:55:33,771:WARNING:
'cuml' is a soft dependency and not included in the pycaret installation. Please run: `pip install cuml` to install.
2023-04-17 16:55:34,037:WARNING:
'prophet' is a soft dependency and not included in the pycaret installation. Please run: `pip install prophet` to install.
2023-04-17 16:55:34,189:WARNING:/Users/oscargil/miniconda3/envs/ADS500B/lib/python3.9/site-packages/google/colab/data_table.py:30: UserWarning: IPython.utils.traitlets has moved to a top-level traitlets package.
  from IPython.utils import traitlets as _traitlets

2023-04-17 16:58:04,352:WARNING:
'cuml' is a soft dependency and not included in the pycaret installation. Please run: `pip install cuml` to install.
2023-04-17 16:58:04,352:WARNING:
'cuml' is a soft dependency and not included in the pycaret installation. Please run: `pip install cuml` to install.
2023-04-17 16:58:04,352:WARNING:
'cuml' is a soft dependency and not included in the pycaret installation. Please run: `pip install cuml` to install.
2023-04-17 16:58:04,352:WARNING:
'cuml' is a soft dependency and not included in the pycaret installation. Please run: `pip install cuml` to install.
2023-04-17 16:58:04,612:WARNING:
'prophet' is a soft dependency and not included in the pycaret installation. Please run: `pip install prophet` to install.
2023-04-17 16:58:04,748:WARNING:/Users/oscargil/miniconda3/envs/ADS500B/lib/python3.9/site-packages/google/colab/data_table.py:30: UserWarning: IPython.utils.traitlets has moved to a top-level traitlets package.
  from IPython.utils import traitlets as _traitlets

